-------------------------------------------------------------------------------
Test set: Runner
-------------------------------------------------------------------------------
Tests run: 7, Failures: 1, Errors: 0, Skipped: 0, Time elapsed: 77.704 sec <<< FAILURE! - in Runner
Sample App - Success login(SampleApp features)  Time elapsed: 4.19 sec  <<< FAILURE!
org.junit.ComparisonFailure: Invalid Username/Password expected:<[Invalid username/password]> but was:<[Welcome, Onur!]>

